<?xml version="1.0" encoding="UTF-8"?>
<!-- Generated by org.testng.reporters.JUnitXMLReporter -->
<testsuite ignored="0" hostname="DESKTOP-89C6F2A" failures="0" tests="6" name="userRegandshoppingTest" time="30.015" errors="0" timestamp="2023-11-17T22:04:33 EST">
  <testcase classname="testClass.AccountRegistration" name="UserReg" time="2.208"/>
  <testcase classname="testClass.AccountRegistration" name="shoppingcontinue" time="3.457"/>
  <testcase classname="testClass.AccountRegistration" name="shoppingcartcheckout" time="3.395"/>
  <testcase classname="testClass.AccountRegistration" name="paymentcheckout" time="6.227"/>
  <testcase classname="testClass.AccountRegistration" name="ordernumandlogout" time="1.042"/>
  <testcase classname="testClass.Loginuser" name="loginuser" time="3.341"/>
</testsuite> <!-- userRegandshoppingTest -->
