<?xml version="1.0" encoding="UTF-8"?>
<!-- Generated by org.testng.reporters.JUnitXMLReporter -->
<testsuite ignored="0" hostname="DESKTOP-89C6F2A" failures="0" tests="4" name="userRegandshoppingTest" time="15.37" errors="0" timestamp="2023-11-13T13:43:35 EST">
  <testcase classname="testClass.LoginDataDrivenTesting" name="logindatadriven" time="3.288"/>
  <testcase classname="testClass.LoginDataDrivenTesting" name="logindatadriven" time="2.779"/>
  <testcase classname="testClass.LoginDataDrivenTesting" name="logindatadriven" time="1.7"/>
  <testcase classname="testClass.LoginDataDrivenTesting" name="logindatadriven" time="1.723"/>
</testsuite> <!-- userRegandshoppingTest -->
