<?xml version="1.0" encoding="UTF-8"?>
<testng-results ignored="0" total="6" passed="6" failed="0" skipped="0">
  <reporter-output>
  </reporter-output>
  <suite started-at="2023-11-19T20:48:17Z" name="demowebshopSuite" finished-at="2023-11-19T20:48:46Z" duration-ms="29407">
    <groups>
      <group name="Sanity">
        <method signature="Loginuser.loginuser()[pri:0, instance:testClass.Loginuser@6cc558c6]" name="loginuser" class="testClass.Loginuser"/>
      </group> <!-- Sanity -->
      <group name="Regression">
        <method signature="AccountRegistration.UserReg()[pri:1, instance:testClass.AccountRegistration@15713d56]" name="UserReg" class="testClass.AccountRegistration"/>
        <method signature="AccountRegistration.ordernumandlogout()[pri:5, instance:testClass.AccountRegistration@15713d56]" name="ordernumandlogout" class="testClass.AccountRegistration"/>
        <method signature="AccountRegistration.paymentcheckout()[pri:4, instance:testClass.AccountRegistration@15713d56]" name="paymentcheckout" class="testClass.AccountRegistration"/>
        <method signature="AccountRegistration.shoppingcartcheckout()[pri:3, instance:testClass.AccountRegistration@15713d56]" name="shoppingcartcheckout" class="testClass.AccountRegistration"/>
        <method signature="AccountRegistration.shoppingcontinue()[pri:2, instance:testClass.AccountRegistration@15713d56]" name="shoppingcontinue" class="testClass.AccountRegistration"/>
        <method signature="Loginuser.loginuser()[pri:0, instance:testClass.Loginuser@6cc558c6]" name="loginuser" class="testClass.Loginuser"/>
      </group> <!-- Regression -->
      <group name="Smoke">
        <method signature="AccountRegistration.UserReg()[pri:1, instance:testClass.AccountRegistration@15713d56]" name="UserReg" class="testClass.AccountRegistration"/>
        <method signature="AccountRegistration.ordernumandlogout()[pri:5, instance:testClass.AccountRegistration@15713d56]" name="ordernumandlogout" class="testClass.AccountRegistration"/>
        <method signature="AccountRegistration.paymentcheckout()[pri:4, instance:testClass.AccountRegistration@15713d56]" name="paymentcheckout" class="testClass.AccountRegistration"/>
        <method signature="AccountRegistration.shoppingcartcheckout()[pri:3, instance:testClass.AccountRegistration@15713d56]" name="shoppingcartcheckout" class="testClass.AccountRegistration"/>
        <method signature="AccountRegistration.shoppingcontinue()[pri:2, instance:testClass.AccountRegistration@15713d56]" name="shoppingcontinue" class="testClass.AccountRegistration"/>
      </group> <!-- Smoke -->
    </groups>
    <test started-at="2023-11-19T20:48:17Z" name="userRegandshoppingTest" finished-at="2023-11-19T20:48:46Z" duration-ms="29407">
      <class name="testClass.AccountRegistration">
        <test-method is-config="true" signature="setup(java.lang.String)[pri:0, instance:testClass.AccountRegistration@15713d56]" started-at="2023-11-19T20:48:25Z" name="setup" finished-at="2023-11-19T20:48:29Z" duration-ms="3858" status="PASS">
          <params>
            <param index="0">
              <value>
                <![CDATA[chrome]]>
              </value>
            </param>
          </params>
          <reporter-output>
          </reporter-output>
        </test-method> <!-- setup -->
        <test-method signature="UserReg()[pri:1, instance:testClass.AccountRegistration@15713d56]" started-at="2023-11-19T20:48:29Z" name="UserReg" finished-at="2023-11-19T20:48:31Z" duration-ms="2098" status="PASS">
          <reporter-output>
          </reporter-output>
        </test-method> <!-- UserReg -->
        <test-method signature="shoppingcontinue()[pri:2, instance:testClass.AccountRegistration@15713d56]" started-at="2023-11-19T20:48:31Z" name="shoppingcontinue" finished-at="2023-11-19T20:48:35Z" duration-ms="3529" status="PASS">
          <reporter-output>
          </reporter-output>
        </test-method> <!-- shoppingcontinue -->
        <test-method signature="shoppingcartcheckout()[pri:3, instance:testClass.AccountRegistration@15713d56]" started-at="2023-11-19T20:48:35Z" name="shoppingcartcheckout" finished-at="2023-11-19T20:48:37Z" duration-ms="2836" status="PASS">
          <reporter-output>
          </reporter-output>
        </test-method> <!-- shoppingcartcheckout -->
        <test-method signature="paymentcheckout()[pri:4, instance:testClass.AccountRegistration@15713d56]" started-at="2023-11-19T20:48:37Z" name="paymentcheckout" finished-at="2023-11-19T20:48:44Z" duration-ms="6233" status="PASS">
          <reporter-output>
          </reporter-output>
        </test-method> <!-- paymentcheckout -->
        <test-method signature="ordernumandlogout()[pri:5, instance:testClass.AccountRegistration@15713d56]" started-at="2023-11-19T20:48:44Z" name="ordernumandlogout" finished-at="2023-11-19T20:48:46Z" duration-ms="2194" status="PASS">
          <reporter-output>
          </reporter-output>
        </test-method> <!-- ordernumandlogout -->
        <test-method is-config="true" signature="teardown()[pri:0, instance:testClass.AccountRegistration@15713d56]" started-at="2023-11-19T20:48:46Z" name="teardown" finished-at="2023-11-19T20:48:46Z" duration-ms="187" status="PASS">
          <reporter-output>
          </reporter-output>
        </test-method> <!-- teardown -->
      </class> <!-- testClass.AccountRegistration -->
      <class name="testClass.Loginuser">
        <test-method is-config="true" signature="setup(java.lang.String)[pri:0, instance:testClass.Loginuser@6cc558c6]" started-at="2023-11-19T20:48:17Z" name="setup" finished-at="2023-11-19T20:48:23Z" duration-ms="5658" status="PASS">
          <params>
            <param index="0">
              <value>
                <![CDATA[chrome]]>
              </value>
            </param>
          </params>
          <reporter-output>
          </reporter-output>
        </test-method> <!-- setup -->
        <test-method signature="loginuser()[pri:0, instance:testClass.Loginuser@6cc558c6]" started-at="2023-11-19T20:48:23Z" name="loginuser" finished-at="2023-11-19T20:48:25Z" duration-ms="2378" status="PASS">
          <reporter-output>
          </reporter-output>
        </test-method> <!-- loginuser -->
        <test-method is-config="true" signature="teardown()[pri:0, instance:testClass.Loginuser@6cc558c6]" started-at="2023-11-19T20:48:25Z" name="teardown" finished-at="2023-11-19T20:48:25Z" duration-ms="179" status="PASS">
          <reporter-output>
          </reporter-output>
        </test-method> <!-- teardown -->
      </class> <!-- testClass.Loginuser -->
    </test> <!-- userRegandshoppingTest -->
  </suite> <!-- demowebshopSuite -->
</testng-results>
