<?xml version="1.0" encoding="UTF-8"?>
<testng-results ignored="0" total="6" passed="6" failed="0" skipped="0">
  <reporter-output>
  </reporter-output>
  <suite started-at="2023-11-18T21:28:19Z" name="demowebshopSuite" finished-at="2023-11-18T21:28:47Z" duration-ms="28008">
    <groups>
      <group name="Sanity">
        <method signature="Loginuser.loginuser()[pri:0, instance:testClass.Loginuser@6cc558c6]" name="loginuser" class="testClass.Loginuser"/>
      </group> <!-- Sanity -->
      <group name="Regression">
        <method signature="AccountRegistration.UserReg()[pri:1, instance:testClass.AccountRegistration@15713d56]" name="UserReg" class="testClass.AccountRegistration"/>
        <method signature="AccountRegistration.ordernumandlogout()[pri:5, instance:testClass.AccountRegistration@15713d56]" name="ordernumandlogout" class="testClass.AccountRegistration"/>
        <method signature="AccountRegistration.paymentcheckout()[pri:4, instance:testClass.AccountRegistration@15713d56]" name="paymentcheckout" class="testClass.AccountRegistration"/>
        <method signature="AccountRegistration.shoppingcartcheckout()[pri:3, instance:testClass.AccountRegistration@15713d56]" name="shoppingcartcheckout" class="testClass.AccountRegistration"/>
        <method signature="AccountRegistration.shoppingcontinue()[pri:2, instance:testClass.AccountRegistration@15713d56]" name="shoppingcontinue" class="testClass.AccountRegistration"/>
        <method signature="Loginuser.loginuser()[pri:0, instance:testClass.Loginuser@6cc558c6]" name="loginuser" class="testClass.Loginuser"/>
      </group> <!-- Regression -->
      <group name="Smoke">
        <method signature="AccountRegistration.UserReg()[pri:1, instance:testClass.AccountRegistration@15713d56]" name="UserReg" class="testClass.AccountRegistration"/>
        <method signature="AccountRegistration.ordernumandlogout()[pri:5, instance:testClass.AccountRegistration@15713d56]" name="ordernumandlogout" class="testClass.AccountRegistration"/>
        <method signature="AccountRegistration.paymentcheckout()[pri:4, instance:testClass.AccountRegistration@15713d56]" name="paymentcheckout" class="testClass.AccountRegistration"/>
        <method signature="AccountRegistration.shoppingcartcheckout()[pri:3, instance:testClass.AccountRegistration@15713d56]" name="shoppingcartcheckout" class="testClass.AccountRegistration"/>
        <method signature="AccountRegistration.shoppingcontinue()[pri:2, instance:testClass.AccountRegistration@15713d56]" name="shoppingcontinue" class="testClass.AccountRegistration"/>
      </group> <!-- Smoke -->
    </groups>
    <test started-at="2023-11-18T21:28:19Z" name="userRegandshoppingTest" finished-at="2023-11-18T21:28:47Z" duration-ms="28008">
      <class name="testClass.AccountRegistration">
        <test-method is-config="true" signature="setup(java.lang.String)[pri:0, instance:testClass.AccountRegistration@15713d56]" started-at="2023-11-18T21:28:28Z" name="setup" finished-at="2023-11-18T21:28:32Z" duration-ms="3337" status="PASS">
          <params>
            <param index="0">
              <value>
                <![CDATA[chrome]]>
              </value>
            </param>
          </params>
          <reporter-output>
          </reporter-output>
        </test-method> <!-- setup -->
        <test-method signature="UserReg()[pri:1, instance:testClass.AccountRegistration@15713d56]" started-at="2023-11-18T21:28:32Z" name="UserReg" finished-at="2023-11-18T21:28:34Z" duration-ms="2118" status="PASS">
          <reporter-output>
          </reporter-output>
        </test-method> <!-- UserReg -->
        <test-method signature="shoppingcontinue()[pri:2, instance:testClass.AccountRegistration@15713d56]" started-at="2023-11-18T21:28:34Z" name="shoppingcontinue" finished-at="2023-11-18T21:28:37Z" duration-ms="3475" status="PASS">
          <reporter-output>
          </reporter-output>
        </test-method> <!-- shoppingcontinue -->
        <test-method signature="shoppingcartcheckout()[pri:3, instance:testClass.AccountRegistration@15713d56]" started-at="2023-11-18T21:28:37Z" name="shoppingcartcheckout" finished-at="2023-11-18T21:28:40Z" duration-ms="2693" status="PASS">
          <reporter-output>
          </reporter-output>
        </test-method> <!-- shoppingcartcheckout -->
        <test-method signature="paymentcheckout()[pri:4, instance:testClass.AccountRegistration@15713d56]" started-at="2023-11-18T21:28:40Z" name="paymentcheckout" finished-at="2023-11-18T21:28:46Z" duration-ms="5990" status="PASS">
          <reporter-output>
          </reporter-output>
        </test-method> <!-- paymentcheckout -->
        <test-method signature="ordernumandlogout()[pri:5, instance:testClass.AccountRegistration@15713d56]" started-at="2023-11-18T21:28:46Z" name="ordernumandlogout" finished-at="2023-11-18T21:28:47Z" duration-ms="942" status="PASS">
          <reporter-output>
          </reporter-output>
        </test-method> <!-- ordernumandlogout -->
        <test-method is-config="true" signature="teardown()[pri:0, instance:testClass.AccountRegistration@15713d56]" started-at="2023-11-18T21:28:47Z" name="teardown" finished-at="2023-11-18T21:28:47Z" duration-ms="191" status="PASS">
          <reporter-output>
          </reporter-output>
        </test-method> <!-- teardown -->
      </class> <!-- testClass.AccountRegistration -->
      <class name="testClass.Loginuser">
        <test-method is-config="true" signature="setup(java.lang.String)[pri:0, instance:testClass.Loginuser@6cc558c6]" started-at="2023-11-18T21:28:19Z" name="setup" finished-at="2023-11-18T21:28:26Z" duration-ms="6252" status="PASS">
          <params>
            <param index="0">
              <value>
                <![CDATA[chrome]]>
              </value>
            </param>
          </params>
          <reporter-output>
          </reporter-output>
        </test-method> <!-- setup -->
        <test-method signature="loginuser()[pri:0, instance:testClass.Loginuser@6cc558c6]" started-at="2023-11-18T21:28:26Z" name="loginuser" finished-at="2023-11-18T21:28:28Z" duration-ms="2583" status="PASS">
          <reporter-output>
          </reporter-output>
        </test-method> <!-- loginuser -->
        <test-method is-config="true" signature="teardown()[pri:0, instance:testClass.Loginuser@6cc558c6]" started-at="2023-11-18T21:28:28Z" name="teardown" finished-at="2023-11-18T21:28:28Z" duration-ms="164" status="PASS">
          <reporter-output>
          </reporter-output>
        </test-method> <!-- teardown -->
      </class> <!-- testClass.Loginuser -->
    </test> <!-- userRegandshoppingTest -->
  </suite> <!-- demowebshopSuite -->
</testng-results>
