<?xml version="1.0" encoding="UTF-8"?>
<!-- Generated by org.testng.reporters.JUnitXMLReporter -->
<testsuite ignored="0" hostname="DESKTOP-89C6F2A" failures="0" tests="6" name="userRegandshoppingTest" time="29.407" errors="0" timestamp="19 Nov 2023 20:48:46 GMT">
  <testcase classname="testClass.Loginuser" name="loginuser" time="2.378"/>
  <testcase classname="testClass.AccountRegistration" name="UserReg" time="2.098"/>
  <testcase classname="testClass.AccountRegistration" name="shoppingcontinue" time="3.529"/>
  <testcase classname="testClass.AccountRegistration" name="shoppingcartcheckout" time="2.836"/>
  <testcase classname="testClass.AccountRegistration" name="paymentcheckout" time="6.233"/>
  <testcase classname="testClass.AccountRegistration" name="ordernumandlogout" time="2.194"/>
</testsuite> <!-- userRegandshoppingTest -->
