<?xml version="1.0" encoding="UTF-8"?>
<!-- Generated by org.testng.reporters.JUnitXMLReporter -->
<testsuite ignored="0" hostname="DESKTOP-89C6F2A" failures="0" tests="6" name="userRegandshoppingTest" time="28.008" errors="0" timestamp="18 Nov 2023 21:28:47 GMT">
  <testcase classname="testClass.Loginuser" name="loginuser" time="2.583"/>
  <testcase classname="testClass.AccountRegistration" name="UserReg" time="2.118"/>
  <testcase classname="testClass.AccountRegistration" name="shoppingcontinue" time="3.475"/>
  <testcase classname="testClass.AccountRegistration" name="shoppingcartcheckout" time="2.693"/>
  <testcase classname="testClass.AccountRegistration" name="paymentcheckout" time="5.99"/>
  <testcase classname="testClass.AccountRegistration" name="ordernumandlogout" time="0.942"/>
</testsuite> <!-- userRegandshoppingTest -->
