<?xml version="1.0" encoding="UTF-8"?>
<testng-results ignored="0" total="4" passed="4" failed="0" skipped="0">
  <reporter-output>
  </reporter-output>
  <suite started-at="2023-11-13T13:43:20 EST" name="demowebshopSuite" finished-at="2023-11-13T13:43:35 EST" duration-ms="15370">
    <groups>
    </groups>
    <test started-at="2023-11-13T13:43:20 EST" name="userRegandshoppingTest" finished-at="2023-11-13T13:43:35 EST" duration-ms="15370">
      <class name="testClass.LoginDataDrivenTesting">
        <test-method is-config="true" signature="setup(java.lang.String)[pri:0, instance:testClass.LoginDataDrivenTesting@ffaa6af]" started-at="2023-11-13T13:43:20 EST" name="setup" finished-at="2023-11-13T13:43:24 EST" duration-ms="4391" status="PASS">
          <params>
            <param index="0">
              <value>
                <![CDATA[chrome]]>
              </value>
            </param>
          </params>
          <reporter-output>
          </reporter-output>
        </test-method> <!-- setup -->
        <test-method signature="logindatadriven(java.lang.String,java.lang.String,java.lang.String)[pri:0, instance:testClass.LoginDataDrivenTesting@ffaa6af]" started-at="2023-11-13T13:43:25 EST" name="logindatadriven" data-provider="DataDriven" finished-at="2023-11-13T13:43:29 EST" duration-ms="3288" status="PASS">
          <params>
            <param index="0">
              <value>
                <![CDATA[sriven@gmail.com]]>
              </value>
            </param>
            <param index="1">
              <value>
                <![CDATA[Test@123]]>
              </value>
            </param>
            <param index="2">
              <value>
                <![CDATA[valid]]>
              </value>
            </param>
          </params>
          <reporter-output>
          </reporter-output>
        </test-method> <!-- logindatadriven -->
        <test-method signature="logindatadriven(java.lang.String,java.lang.String,java.lang.String)[pri:0, instance:testClass.LoginDataDrivenTesting@ffaa6af]" started-at="2023-11-13T13:43:29 EST" name="logindatadriven" data-provider="DataDriven" finished-at="2023-11-13T13:43:31 EST" duration-ms="2779" status="PASS">
          <params>
            <param index="0">
              <value>
                <![CDATA[venkateshs@gmail.com]]>
              </value>
            </param>
            <param index="1">
              <value>
                <![CDATA[Test@1234]]>
              </value>
            </param>
            <param index="2">
              <value>
                <![CDATA[valid]]>
              </value>
            </param>
          </params>
          <reporter-output>
          </reporter-output>
        </test-method> <!-- logindatadriven -->
        <test-method signature="logindatadriven(java.lang.String,java.lang.String,java.lang.String)[pri:0, instance:testClass.LoginDataDrivenTesting@ffaa6af]" started-at="2023-11-13T13:43:31 EST" name="logindatadriven" data-provider="DataDriven" finished-at="2023-11-13T13:43:33 EST" duration-ms="1700" status="PASS">
          <params>
            <param index="0">
              <value>
                <![CDATA[togaruharsha@gmail.com]]>
              </value>
            </param>
            <param index="1">
              <value>
                <![CDATA[Test@12]]>
              </value>
            </param>
            <param index="2">
              <value>
                <![CDATA[invalid]]>
              </value>
            </param>
          </params>
          <reporter-output>
          </reporter-output>
        </test-method> <!-- logindatadriven -->
        <test-method signature="logindatadriven(java.lang.String,java.lang.String,java.lang.String)[pri:0, instance:testClass.LoginDataDrivenTesting@ffaa6af]" started-at="2023-11-13T13:43:33 EST" name="logindatadriven" data-provider="DataDriven" finished-at="2023-11-13T13:43:35 EST" duration-ms="1723" status="PASS">
          <params>
            <param index="0">
              <value>
                <![CDATA[srisai99@gmail.com]]>
              </value>
            </param>
            <param index="1">
              <value>
                <![CDATA[Test@02]]>
              </value>
            </param>
            <param index="2">
              <value>
                <![CDATA[invalid]]>
              </value>
            </param>
          </params>
          <reporter-output>
          </reporter-output>
        </test-method> <!-- logindatadriven -->
        <test-method is-config="true" signature="teardown()[pri:0, instance:testClass.LoginDataDrivenTesting@ffaa6af]" started-at="2023-11-13T13:43:35 EST" name="teardown" finished-at="2023-11-13T13:43:35 EST" duration-ms="145" status="PASS">
          <reporter-output>
          </reporter-output>
        </test-method> <!-- teardown -->
      </class> <!-- testClass.LoginDataDrivenTesting -->
    </test> <!-- userRegandshoppingTest -->
  </suite> <!-- demowebshopSuite -->
</testng-results>
